<?xml version="1.0" encoding="UTF-8"?>
<!-- Generated by org.testng.reporters.JUnitXMLReporter -->
<testsuite hostname="TOSHIBA" name="Test" tests="1" failures="1" timestamp="19 Dec 2017 18:24:41 GMT" time="77.736" errors="0">
  <testcase name="testAddcart" time="77.436" classname="Scenario_search.Scenario_cart">
    <failure type="org.openqa.selenium.TimeoutException" message="Timed out after 25 seconds waiting for visibility of Proxy element for: DefaultElementLocator &amp;apos;By.id: com.bigbasket.mobileapp:id/cartcountView&amp;apos;
Build info: version: &amp;apos;2.53.1&amp;apos;, revision: &amp;apos;a36b8b1cd5757287168e54b817830adce9b0158d&amp;apos;, time: &amp;apos;2016-06-30 19:26:09&amp;apos;
System info: host: &amp;apos;TOSHIBA&amp;apos;, ip: &amp;apos;192.168.1.6&amp;apos;, os.name: &amp;apos;Windows 8.1&amp;apos;, os.arch: &amp;apos;x86&amp;apos;, os.version: &amp;apos;6.3&amp;apos;, java.version: &amp;apos;1.7.0_79&amp;apos;
Session ID: 9e47823f-8d47-4fd0-ab1f-25b8388272ee
Driver info: io.appium.java_client.android.AndroidDriver
Capabilities [{platform=ANDROID, javascriptEnabled=true, appActivity=com.bigbasket.mobileapp.activity.SplashActivity, browserName=android, networkConnectionEnabled=true, desired={platformVersion=6.0, platform=ANDROID, platformName=Android, deviceName=Lenovo K50a40, appActivity=com.bigbasket.mobileapp.activity.SplashActivity, browserName=android, appPackage=com.bigbasket.mobileapp, version=}, locationContextEnabled=false, appPackage=com.bigbasket.mobileapp, version=, platformVersion=6.0, databaseEnabled=false, deviceName=AQ75NVCYEUZ975VK, platformName=Android, webStorageEnabled=false, warnings={}, takesScreenshot=true}]">
      <![CDATA[org.openqa.selenium.TimeoutException: Timed out after 25 seconds waiting for visibility of Proxy element for: DefaultElementLocator 'By.id: com.bigbasket.mobileapp:id/cartcountView'
Build info: version: '2.53.1', revision: 'a36b8b1cd5757287168e54b817830adce9b0158d', time: '2016-06-30 19:26:09'
System info: host: 'TOSHIBA', ip: '192.168.1.6', os.name: 'Windows 8.1', os.arch: 'x86', os.version: '6.3', java.version: '1.7.0_79'
Session ID: 9e47823f-8d47-4fd0-ab1f-25b8388272ee
Driver info: io.appium.java_client.android.AndroidDriver
Capabilities [{platform=ANDROID, javascriptEnabled=true, appActivity=com.bigbasket.mobileapp.activity.SplashActivity, browserName=android, networkConnectionEnabled=true, desired={platformVersion=6.0, platform=ANDROID, platformName=Android, deviceName=Lenovo K50a40, appActivity=com.bigbasket.mobileapp.activity.SplashActivity, browserName=android, appPackage=com.bigbasket.mobileapp, version=}, locationContextEnabled=false, appPackage=com.bigbasket.mobileapp, version=, platformVersion=6.0, databaseEnabled=false, deviceName=AQ75NVCYEUZ975VK, platformName=Android, webStorageEnabled=false, warnings={}, takesScreenshot=true}]
	at org.openqa.selenium.support.ui.WebDriverWait.timeoutException(WebDriverWait.java:80)
	at org.openqa.selenium.support.ui.FluentWait.until(FluentWait.java:261)
	at Generic.Base_class.Explicit_wait(Base_class.java:88)
	at Scenario_search.Scenario_cart.testAddcart(Scenario_cart.java:39)
Caused by: org.openqa.selenium.NoSuchElementException: An element could not be located on the page using the given search parameters. (WARNING: The server did not provide any stacktrace information)
Command duration or timeout: 81 milliseconds
For documentation on this error, please visit: http://seleniumhq.org/exceptions/no_such_element.html
Build info: version: '2.53.1', revision: 'a36b8b1cd5757287168e54b817830adce9b0158d', time: '2016-06-30 19:26:09'
System info: host: 'TOSHIBA', ip: '192.168.1.6', os.name: 'Windows 8.1', os.arch: 'x86', os.version: '6.3', java.version: '1.7.0_79'
*** Element info: {Using=id, value=com.bigbasket.mobileapp:id/cartcountView}
Session ID: 9e47823f-8d47-4fd0-ab1f-25b8388272ee
Driver info: io.appium.java_client.android.AndroidDriver
Capabilities [{platform=ANDROID, javascriptEnabled=true, appActivity=com.bigbasket.mobileapp.activity.SplashActivity, browserName=android, networkConnectionEnabled=true, desired={platformVersion=6.0, platform=ANDROID, platformName=Android, deviceName=Lenovo K50a40, appActivity=com.bigbasket.mobileapp.activity.SplashActivity, browserName=android, appPackage=com.bigbasket.mobileapp, version=}, locationContextEnabled=false, appPackage=com.bigbasket.mobileapp, version=, platformVersion=6.0, databaseEnabled=false, deviceName=AQ75NVCYEUZ975VK, platformName=Android, webStorageEnabled=false, warnings={}, takesScreenshot=true}]
	at org.openqa.selenium.remote.ErrorHandler.createThrowable(ErrorHandler.java:206)
	at org.openqa.selenium.remote.ErrorHandler.throwIfResponseFailed(ErrorHandler.java:158)
	at org.openqa.selenium.remote.RemoteWebDriver.execute(RemoteWebDriver.java:678)
	at io.appium.java_client.AppiumDriver.execute(AppiumDriver.java:180)
	at org.openqa.selenium.remote.RemoteWebDriver.findElement(RemoteWebDriver.java:363)
	at org.openqa.selenium.remote.RemoteWebDriver.findElementById(RemoteWebDriver.java:413)
	at org.openqa.selenium.By$ById.findElement(By.java:218)
	at org.openqa.selenium.remote.RemoteWebDriver.findElement(RemoteWebDriver.java:355)
	at org.openqa.selenium.support.pagefactory.DefaultElementLocator.findElement(DefaultElementLocator.java:69)
	at org.openqa.selenium.support.pagefactory.internal.LocatingElementHandler.invoke(LocatingElementHandler.java:38)
	at com.sun.proxy.$Proxy8.isDisplayed(Unknown Source)
	at org.openqa.selenium.support.ui.ExpectedConditions.elementIfVisible(ExpectedConditions.java:302)
	at org.openqa.selenium.support.ui.ExpectedConditions.access$100(ExpectedConditions.java:41)
	at org.openqa.selenium.support.ui.ExpectedConditions$10.apply(ExpectedConditions.java:288)
	at org.openqa.selenium.support.ui.ExpectedConditions$10.apply(ExpectedConditions.java:285)
	at org.openqa.selenium.support.ui.FluentWait.until(FluentWait.java:238)
	... 26 more
... Removed 27 stack frames]]>
    </failure>
  </testcase> <!-- testAddcart -->
</testsuite> <!-- Test -->
