<?xml version="1.0" encoding="UTF-8"?>
<testng-results skipped="0" failed="1" total="1" passed="0">
  <reporter-output>
  </reporter-output>
  <suite name="Suite" duration-ms="77736" started-at="2017-12-19T18:23:23Z" finished-at="2017-12-19T18:24:40Z">
    <groups>
      <group name="smoke">
        <method signature="Scenario_cart.testAddcart(java.util.Map)[pri:0, instance:Scenario_search.Scenario_cart@912008]" name="testAddcart" class="Scenario_search.Scenario_cart"/>
      </group> <!-- smoke -->
    </groups>
    <test name="Test" duration-ms="77736" started-at="2017-12-19T18:23:23Z" finished-at="2017-12-19T18:24:40Z">
      <class name="Scenario_search.Scenario_cart">
        <test-method status="FAIL" signature="testAddcart(java.util.Map)[pri:0, instance:Scenario_search.Scenario_cart@912008]" name="testAddcart" duration-ms="77436" started-at="2017-12-19T23:53:23Z" data-provider="dp_AddCart" finished-at="2017-12-19T23:54:40Z">
          <params>
            <param index="0">
              <value>
                <![CDATA[{Order_Set=1.0, Quantity=1.0, Exp_Result=Raw Mango - Diced, Search_Item=Raw Mango - Diced, TC_ID=GB_05, Script_name=Add_Cart, Execute_Flag=Y}]]>
              </value>
            </param>
          </params>
          <exception class="org.openqa.selenium.TimeoutException">
            <message>
              <![CDATA[Timed out after 25 seconds waiting for visibility of Proxy element for: DefaultElementLocator 'By.id: com.bigbasket.mobileapp:id/cartcountView'
Build info: version: '2.53.1', revision: 'a36b8b1cd5757287168e54b817830adce9b0158d', time: '2016-06-30 19:26:09'
System info: host: 'TOSHIBA', ip: '192.168.1.6', os.name: 'Windows 8.1', os.arch: 'x86', os.version: '6.3', java.version: '1.7.0_79'
Session ID: 9e47823f-8d47-4fd0-ab1f-25b8388272ee
Driver info: io.appium.java_client.android.AndroidDriver
Capabilities [{platform=ANDROID, javascriptEnabled=true, appActivity=com.bigbasket.mobileapp.activity.SplashActivity, browserName=android, networkConnectionEnabled=true, desired={platformVersion=6.0, platform=ANDROID, platformName=Android, deviceName=Lenovo K50a40, appActivity=com.bigbasket.mobileapp.activity.SplashActivity, browserName=android, appPackage=com.bigbasket.mobileapp, version=}, locationContextEnabled=false, appPackage=com.bigbasket.mobileapp, version=, platformVersion=6.0, databaseEnabled=false, deviceName=AQ75NVCYEUZ975VK, platformName=Android, webStorageEnabled=false, warnings={}, takesScreenshot=true}]]]>
            </message>
            <full-stacktrace>
              <![CDATA[org.openqa.selenium.TimeoutException: Timed out after 25 seconds waiting for visibility of Proxy element for: DefaultElementLocator 'By.id: com.bigbasket.mobileapp:id/cartcountView'
Build info: version: '2.53.1', revision: 'a36b8b1cd5757287168e54b817830adce9b0158d', time: '2016-06-30 19:26:09'
System info: host: 'TOSHIBA', ip: '192.168.1.6', os.name: 'Windows 8.1', os.arch: 'x86', os.version: '6.3', java.version: '1.7.0_79'
Session ID: 9e47823f-8d47-4fd0-ab1f-25b8388272ee
Driver info: io.appium.java_client.android.AndroidDriver
Capabilities [{platform=ANDROID, javascriptEnabled=true, appActivity=com.bigbasket.mobileapp.activity.SplashActivity, browserName=android, networkConnectionEnabled=true, desired={platformVersion=6.0, platform=ANDROID, platformName=Android, deviceName=Lenovo K50a40, appActivity=com.bigbasket.mobileapp.activity.SplashActivity, browserName=android, appPackage=com.bigbasket.mobileapp, version=}, locationContextEnabled=false, appPackage=com.bigbasket.mobileapp, version=, platformVersion=6.0, databaseEnabled=false, deviceName=AQ75NVCYEUZ975VK, platformName=Android, webStorageEnabled=false, warnings={}, takesScreenshot=true}]
	at org.openqa.selenium.support.ui.WebDriverWait.timeoutException(WebDriverWait.java:80)
	at org.openqa.selenium.support.ui.FluentWait.until(FluentWait.java:261)
	at Generic.Base_class.Explicit_wait(Base_class.java:88)
	at Scenario_search.Scenario_cart.testAddcart(Scenario_cart.java:39)
	at sun.reflect.NativeMethodAccessorImpl.invoke0(Native Method)
	at sun.reflect.NativeMethodAccessorImpl.invoke(Unknown Source)
	at sun.reflect.DelegatingMethodAccessorImpl.invoke(Unknown Source)
	at java.lang.reflect.Method.invoke(Unknown Source)
	at org.testng.internal.MethodInvocationHelper.invokeMethod(MethodInvocationHelper.java:80)
	at org.testng.internal.Invoker.invokeMethod(Invoker.java:714)
	at org.testng.internal.Invoker.invokeTestMethod(Invoker.java:901)
	at org.testng.internal.Invoker.invokeTestMethods(Invoker.java:1231)
	at org.testng.internal.TestMethodWorker.invokeTestMethods(TestMethodWorker.java:127)
	at org.testng.internal.TestMethodWorker.run(TestMethodWorker.java:111)
	at org.testng.TestRunner.privateRun(TestRunner.java:767)
	at org.testng.TestRunner.run(TestRunner.java:617)
	at org.testng.SuiteRunner.runTest(SuiteRunner.java:334)
	at org.testng.SuiteRunner.runSequentially(SuiteRunner.java:329)
	at org.testng.SuiteRunner.privateRun(SuiteRunner.java:291)
	at org.testng.SuiteRunner.run(SuiteRunner.java:240)
	at org.testng.SuiteRunnerWorker.runSuite(SuiteRunnerWorker.java:52)
	at org.testng.SuiteRunnerWorker.run(SuiteRunnerWorker.java:86)
	at org.testng.TestNG.runSuitesSequentially(TestNG.java:1198)
	at org.testng.TestNG.runSuitesLocally(TestNG.java:1123)
	at org.testng.TestNG.run(TestNG.java:1031)
	at org.testng.remote.AbstractRemoteTestNG.run(AbstractRemoteTestNG.java:132)
	at org.testng.remote.RemoteTestNG.initAndRun(RemoteTestNG.java:236)
	at org.testng.remote.RemoteTestNG.main(RemoteTestNG.java:81)
Caused by: org.openqa.selenium.NoSuchElementException: An element could not be located on the page using the given search parameters. (WARNING: The server did not provide any stacktrace information)
Command duration or timeout: 81 milliseconds
For documentation on this error, please visit: http://seleniumhq.org/exceptions/no_such_element.html
Build info: version: '2.53.1', revision: 'a36b8b1cd5757287168e54b817830adce9b0158d', time: '2016-06-30 19:26:09'
System info: host: 'TOSHIBA', ip: '192.168.1.6', os.name: 'Windows 8.1', os.arch: 'x86', os.version: '6.3', java.version: '1.7.0_79'
*** Element info: {Using=id, value=com.bigbasket.mobileapp:id/cartcountView}
Session ID: 9e47823f-8d47-4fd0-ab1f-25b8388272ee
Driver info: io.appium.java_client.android.AndroidDriver
Capabilities [{platform=ANDROID, javascriptEnabled=true, appActivity=com.bigbasket.mobileapp.activity.SplashActivity, browserName=android, networkConnectionEnabled=true, desired={platformVersion=6.0, platform=ANDROID, platformName=Android, deviceName=Lenovo K50a40, appActivity=com.bigbasket.mobileapp.activity.SplashActivity, browserName=android, appPackage=com.bigbasket.mobileapp, version=}, locationContextEnabled=false, appPackage=com.bigbasket.mobileapp, version=, platformVersion=6.0, databaseEnabled=false, deviceName=AQ75NVCYEUZ975VK, platformName=Android, webStorageEnabled=false, warnings={}, takesScreenshot=true}]
	at sun.reflect.GeneratedConstructorAccessor17.newInstance(Unknown Source)
	at sun.reflect.DelegatingConstructorAccessorImpl.newInstance(Unknown Source)
	at java.lang.reflect.Constructor.newInstance(Unknown Source)
	at org.openqa.selenium.remote.ErrorHandler.createThrowable(ErrorHandler.java:206)
	at org.openqa.selenium.remote.ErrorHandler.throwIfResponseFailed(ErrorHandler.java:158)
	at org.openqa.selenium.remote.RemoteWebDriver.execute(RemoteWebDriver.java:678)
	at io.appium.java_client.AppiumDriver.execute(AppiumDriver.java:180)
	at org.openqa.selenium.remote.RemoteWebDriver.findElement(RemoteWebDriver.java:363)
	at org.openqa.selenium.remote.RemoteWebDriver.findElementById(RemoteWebDriver.java:413)
	at org.openqa.selenium.By$ById.findElement(By.java:218)
	at org.openqa.selenium.remote.RemoteWebDriver.findElement(RemoteWebDriver.java:355)
	at org.openqa.selenium.support.pagefactory.DefaultElementLocator.findElement(DefaultElementLocator.java:69)
	at org.openqa.selenium.support.pagefactory.internal.LocatingElementHandler.invoke(LocatingElementHandler.java:38)
	at com.sun.proxy.$Proxy8.isDisplayed(Unknown Source)
	at org.openqa.selenium.support.ui.ExpectedConditions.elementIfVisible(ExpectedConditions.java:302)
	at org.openqa.selenium.support.ui.ExpectedConditions.access$100(ExpectedConditions.java:41)
	at org.openqa.selenium.support.ui.ExpectedConditions$10.apply(ExpectedConditions.java:288)
	at org.openqa.selenium.support.ui.ExpectedConditions$10.apply(ExpectedConditions.java:285)
	at org.openqa.selenium.support.ui.FluentWait.until(FluentWait.java:238)
	... 26 more
]]>
            </full-stacktrace>
          </exception> <!-- org.openqa.selenium.TimeoutException -->
          <reporter-output>
          </reporter-output>
        </test-method> <!-- testAddcart -->
      </class> <!-- Scenario_search.Scenario_cart -->
    </test> <!-- Test -->
  </suite> <!-- Suite -->
</testng-results>
